<?xml version="1.0" encoding="UTF-8"?>
<testng-results skipped="0" failed="0" total="1" passed="1">
  <reporter-output>
  </reporter-output>
  <suite name="Suite" duration-ms="2395" started-at="2019-07-16T01:42:33Z" finished-at="2019-07-16T01:42:35Z">
    <groups>
      <group name="cucumber">
        <method signature="AbstractTestNGCucumberTests.feature(cucumber.api.testng.CucumberFeatureWrapper)[pri:0, instance:testRunners.testRunner@675d3402]" name="feature" class="cucumber.api.testng.AbstractTestNGCucumberTests"/>
      </group> <!-- cucumber -->
    </groups>
    <test name="Test" duration-ms="2395" started-at="2019-07-16T01:42:33Z" finished-at="2019-07-16T01:42:35Z">
      <class name="testRunners.testRunner">
        <test-method status="PASS" signature="setUpClass()[pri:0, instance:testRunners.testRunner@675d3402]" name="setUpClass" is-config="true" duration-ms="1558" started-at="2019-07-16T07:12:33Z" finished-at="2019-07-16T07:12:34Z">
          <reporter-output>
          </reporter-output>
        </test-method> <!-- setUpClass -->
        <test-method status="PASS" signature="feature(cucumber.api.testng.CucumberFeatureWrapper)[pri:0, instance:testRunners.testRunner@675d3402]" name="feature" duration-ms="424" started-at="2019-07-16T07:12:35Z" description="Runs Cucumber Feature" data-provider="features" finished-at="2019-07-16T07:12:35Z">
          <params>
            <param index="0">
              <value>
                <![CDATA[Application login verification]]>
              </value>
            </param>
          </params>
          <reporter-output>
          </reporter-output>
        </test-method> <!-- feature -->
        <test-method status="PASS" signature="tearDownClass()[pri:0, instance:testRunners.testRunner@675d3402]" name="tearDownClass" is-config="true" duration-ms="15" started-at="2019-07-16T07:12:35Z" finished-at="2019-07-16T07:12:35Z">
          <reporter-output>
          </reporter-output>
        </test-method> <!-- tearDownClass -->
      </class> <!-- testRunners.testRunner -->
    </test> <!-- Test -->
  </suite> <!-- Suite -->
</testng-results>
